# JRE version: OpenJDK Runtime Environment Temurin-21.0.8+9 (21.0.8+9) (build 21.0.8+9-LTS)
# Java VM: OpenJDK 64-Bit Server VM Temurin-21.0.8+9 (21.0.8+9-LTS, mixed mode, sharing, tiered, compressed oops, compressed class ptrs, parallel gc, windows-amd64)
GC Precious Log:
 CardTable entry size: 512
 CPUs: 4 total, 4 available
 Memory: 3521M
 Large Page Support: Disabled
 NUMA Support: Disabled
 Compressed Oops: Enabled (32-bit)
 Alignments: Space 512K, Generation 512K, Heap 2M
 Heap Min Capacity: 100M
 Heap Initial Capacity: 100M
 Heap Max Capacity: 2G
 Pre-touch: Disabled
 Parallel Workers: 4
Heap:
 PSYoungGen      total 3584K, used 2485K [0x00000000d5580000, 0x00000000d5a00000, 0x0000000100000000)
  eden space 2560K, 82% used [0x00000000d5580000,0x00000000d578d6b0,0x00000000d5800000)
  from space 1024K, 37% used [0x00000000d5800000,0x00000000d5860000,0x00000000d5900000)
  to   space 1024K, 0% used [0x00000000d5900000,0x00000000d5900000,0x00000000d5a00000)
 ParOldGen       total 821248K, used 820776K [0x0000000080000000, 0x00000000b2200000, 0x00000000d5580000)
  object space 821248K, 99% used [0x0000000080000000,0x00000000b218a220,0x00000000b2200000)
 Metaspace       used 87641K, committed 89408K, reserved 1179648K
  class space    used 8919K, committed 9728K, reserved 1048576K
GC Heap History (20 events):
Event: 2529.707 GC heap before
{Heap before GC invocations=1060 (full 4):
 PSYoungGen      total 3584K, used 2912K [0x00000000d5580000, 0x00000000d5980000, 0x0000000100000000)
  eden space 2560K, 100% used [0x00000000d5580000,0x00000000d5800000,0x00000000d5800000)
  from space 1024K, 34% used [0x00000000d5800000,0x00000000d5858000,0x00000000d5900000)
  to   space 512K, 0% used [0x00000000d5900000,0x00000000d5900000,0x00000000d5980000)
 ParOldGen       total 817152K, used 817101K [0x0000000080000000, 0x00000000b1e00000, 0x00000000d5580000)
  object space 817152K, 99% used [0x0000000080000000,0x00000000b1df3628,0x00000000b1e00000)
 Metaspace       used 87598K, committed 89408K, reserved 1179648K
  class space    used 8919K, committed 9728K, reserved 1048576K
}
Event: 2529.712 GC heap after
{Heap after GC invocations=1060 (full 4):
 PSYoungGen      total 3072K, used 356K [0x00000000d5580000, 0x00000000d5980000, 0x0000000100000000)
  eden space 2560K, 0% used [0x00000000d5580000,0x00000000d5580000,0x00000000d5800000)
  from space 512K, 69% used [0x00000000d5900000,0x00000000d5959210,0x00000000d5980000)
  to   space 512K, 0% used [0x00000000d5880000,0x00000000d5880000,0x00000000d5900000)
 ParOldGen       total 817664K, used 817421K [0x0000000080000000, 0x00000000b1e80000, 0x00000000d5580000)
  object space 817664K, 99% used [0x0000000080000000,0x00000000b1e43648,0x00000000b1e80000)
 Metaspace       used 87598K, committed 89408K, reserved 1179648K
  class space    used 8919K, committed 9728K, reserved 1048576K
}
Event: 2529.723 GC heap before
{Heap before GC invocations=1061 (full 4):
 PSYoungGen      total 3072K, used 2916K [0x00000000d5580000, 0x00000000d5980000, 0x0000000100000000)
  eden space 2560K, 100% used [0x00000000d5580000,0x00000000d5800000,0x00000000d5800000)
  from space 512K, 69% used [0x00000000d5900000,0x00000000d5959210,0x00000000d5980000)
  to   space 512K, 0% used [0x00000000d5880000,0x00000000d5880000,0x00000000d5900000)
 ParOldGen       total 817664K, used 817421K [0x0000000080000000, 0x00000000b1e80000, 0x00000000d5580000)
  object space 817664K, 99% used [0x0000000080000000,0x00000000b1e43648,0x00000000b1e80000)
 Metaspace       used 87598K, committed 89408K, reserved 1179648K
  class space    used 8919K, committed 9728K, reserved 1048576K
}
Event: 2529.728 GC heap after
{Heap after GC invocations=1061 (full 4):
 PSYoungGen      total 3072K, used 480K [0x00000000d5580000, 0x00000000d5980000, 0x0000000100000000)
  eden space 2560K, 0% used [0x00000000d5580000,0x00000000d5580000,0x00000000d5800000)
  from space 512K, 93% used [0x00000000d5880000,0x00000000d58f8000,0x00000000d5900000)
  to   space 512K, 0% used [0x00000000d5900000,0x00000000d5900000,0x00000000d5980000)
 ParOldGen       total 818176K, used 817754K [0x0000000080000000, 0x00000000b1f00000, 0x00000000d5580000)
  object space 818176K, 99% used [0x0000000080000000,0x00000000b1e96878,0x00000000b1f00000)
 Metaspace       used 87598K, committed 89408K, reserved 1179648K
  class space    used 8919K, committed 9728K, reserved 1048576K
}
Event: 2529.885 GC heap before
{Heap before GC invocations=1062 (full 4):
 PSYoungGen      total 3072K, used 3040K [0x00000000d5580000, 0x00000000d5980000, 0x0000000100000000)
  eden space 2560K, 100% used [0x00000000d5580000,0x00000000d5800000,0x00000000d5800000)
  from space 512K, 93% used [0x00000000d5880000,0x00000000d58f8000,0x00000000d5900000)
  to   space 512K, 0% used [0x00000000d5900000,0x00000000d5900000,0x00000000d5980000)
 ParOldGen       total 818176K, used 817754K [0x0000000080000000, 0x00000000b1f00000, 0x00000000d5580000)
  object space 818176K, 99% used [0x0000000080000000,0x00000000b1e96878,0x00000000b1f00000)
 Metaspace       used 87609K, committed 89408K, reserved 1179648K
  class space    used 8919K, committed 9728K, reserved 1048576K
}
Event: 2529.891 GC heap after
{Heap after GC invocations=1062 (full 4):
 PSYoungGen      total 3072K, used 480K [0x00000000d5580000, 0x00000000d5980000, 0x0000000100000000)
  eden space 2560K, 0% used [0x00000000d5580000,0x00000000d5580000,0x00000000d5800000)
  from space 512K, 93% used [0x00000000d5900000,0x00000000d5978000,0x00000000d5980000)
  to   space 512K, 0% used [0x00000000d5880000,0x00000000d5880000,0x00000000d5900000)
 ParOldGen       total 818176K, used 818170K [0x0000000080000000, 0x00000000b1f00000, 0x00000000d5580000)
  object space 818176K, 99% used [0x0000000080000000,0x00000000b1efe878,0x00000000b1f00000)
 Metaspace       used 87609K, committed 89408K, reserved 1179648K
  class space    used 8919K, committed 9728K, reserved 1048576K
}
Event: 2529.916 GC heap before
{Heap before GC invocations=1063 (full 4):
 PSYoungGen      total 3072K, used 3040K [0x00000000d5580000, 0x00000000d5980000, 0x0000000100000000)
  eden space 2560K, 100% used [0x00000000d5580000,0x00000000d5800000,0x00000000d5800000)
  from space 512K, 93% used [0x00000000d5900000,0x00000000d5978000,0x00000000d5980000)
  to   space 512K, 0% used [0x00000000d5880000,0x00000000d5880000,0x00000000d5900000)
 ParOldGen       total 818176K, used 818170K [0x0000000080000000, 0x00000000b1f00000, 0x00000000d5580000)
  object space 818176K, 99% used [0x0000000080000000,0x00000000b1efe878,0x00000000b1f00000)
 Metaspace       used 87609K, committed 89408K, reserved 1179648K
  class space    used 8919K, committed 9728K, reserved 1048576K
}
Event: 2529.921 GC heap after
{Heap after GC invocations=1063 (full 4):
 PSYoungGen      total 3072K, used 340K [0x00000000d5580000, 0x00000000d5980000, 0x0000000100000000)
  eden space 2560K, 0% used [0x00000000d5580000,0x00000000d5580000,0x00000000d5800000)
  from space 512K, 66% used [0x00000000d5880000,0x00000000d58d5200,0x00000000d5900000)
  to   space 512K, 0% used [0x00000000d5900000,0x00000000d5900000,0x00000000d5980000)
 ParOldGen       total 818688K, used 818570K [0x0000000080000000, 0x00000000b1f80000, 0x00000000d5580000)
  object space 818688K, 99% used [0x0000000080000000,0x00000000b1f62b30,0x00000000b1f80000)
 Metaspace       used 87609K, committed 89408K, reserved 1179648K
  class space    used 8919K, committed 9728K, reserved 1048576K
}
Event: 2529.952 GC heap before
{Heap before GC invocations=1064 (full 4):
 PSYoungGen      total 3072K, used 2900K [0x00000000d5580000, 0x00000000d5980000, 0x0000000100000000)
  eden space 2560K, 100% used [0x00000000d5580000,0x00000000d5800000,0x00000000d5800000)
  from space 512K, 66% used [0x00000000d5880000,0x00000000d58d5200,0x00000000d5900000)
  to   space 512K, 0% used [0x00000000d5900000,0x00000000d5900000,0x00000000d5980000)
 ParOldGen       total 818688K, used 818570K [0x0000000080000000, 0x00000000b1f80000, 0x00000000d5580000)
  object space 818688K, 99% used [0x0000000080000000,0x00000000b1f62b30,0x00000000b1f80000)
 Metaspace       used 87609K, committed 89408K, reserved 1179648K
  class space    used 8919K, committed 9728K, reserved 1048576K
}
Event: 2529.955 GC heap after
{Heap after GC invocations=1064 (full 4):
 PSYoungGen      total 3072K, used 384K [0x00000000d5580000, 0x00000000d5980000, 0x0000000100000000)
  eden space 2560K, 0% used [0x00000000d5580000,0x00000000d5580000,0x00000000d5800000)
  from space 512K, 75% used [0x00000000d5900000,0x00000000d5960000,0x00000000d5980000)
  to   space 512K, 0% used [0x00000000d5880000,0x00000000d5880000,0x00000000d5900000)
 ParOldGen       total 819200K, used 818839K [0x0000000080000000, 0x00000000b2000000, 0x00000000d5580000)
  object space 819200K, 99% used [0x0000000080000000,0x00000000b1fa5d60,0x00000000b2000000)
 Metaspace       used 87609K, committed 89408K, reserved 1179648K
  class space    used 8919K, committed 9728K, reserved 1048576K
}
Event: 2530.378 GC heap before
{Heap before GC invocations=1065 (full 4):
 PSYoungGen      total 3072K, used 2929K [0x00000000d5580000, 0x00000000d5980000, 0x0000000100000000)
  eden space 2560K, 99% used [0x00000000d5580000,0x00000000d57fc600,0x00000000d5800000)
  from space 512K, 75% used [0x00000000d5900000,0x00000000d5960000,0x00000000d5980000)
  to   space 512K, 0% used [0x00000000d5880000,0x00000000d5880000,0x00000000d5900000)
 ParOldGen       total 819200K, used 818839K [0x0000000080000000, 0x00000000b2000000, 0x00000000d5580000)
  object space 819200K, 99% used [0x0000000080000000,0x00000000b1fa5d60,0x00000000b2000000)
 Metaspace       used 87614K, committed 89408K, reserved 1179648K
  class space    used 8919K, committed 9728K, reserved 1048576K
}
Event: 2530.381 GC heap after
{Heap after GC invocations=1065 (full 4):
 PSYoungGen      total 3072K, used 378K [0x00000000d5580000, 0x00000000d5980000, 0x0000000100000000)
  eden space 2560K, 0% used [0x00000000d5580000,0x00000000d5580000,0x00000000d5800000)
  from space 512K, 73% used [0x00000000d5880000,0x00000000d58de900,0x00000000d5900000)
  to   space 512K, 0% used [0x00000000d5900000,0x00000000d5900000,0x00000000d5980000)
 ParOldGen       total 819200K, used 819199K [0x0000000080000000, 0x00000000b2000000, 0x00000000d5580000)
  object space 819200K, 99% used [0x0000000080000000,0x00000000b1fffd80,0x00000000b2000000)
 Metaspace       used 87614K, committed 89408K, reserved 1179648K
  class space    used 8919K, committed 9728K, reserved 1048576K
}
Event: 2530.387 GC heap before
{Heap before GC invocations=1066 (full 4):
 PSYoungGen      total 3072K, used 2938K [0x00000000d5580000, 0x00000000d5980000, 0x0000000100000000)
  eden space 2560K, 100% used [0x00000000d5580000,0x00000000d5800000,0x00000000d5800000)
  from space 512K, 73% used [0x00000000d5880000,0x00000000d58de900,0x00000000d5900000)
  to   space 512K, 0% used [0x00000000d5900000,0x00000000d5900000,0x00000000d5980000)
 ParOldGen       total 819200K, used 819199K [0x0000000080000000, 0x00000000b2000000, 0x00000000d5580000)
  object space 819200K, 99% used [0x0000000080000000,0x00000000b1fffd80,0x00000000b2000000)
 Metaspace       used 87614K, committed 89408K, reserved 1179648K
  class space    used 8919K, committed 9728K, reserved 1048576K
}
Event: 2530.393 GC heap after
{Heap after GC invocations=1066 (full 4):
 PSYoungGen      total 3072K, used 480K [0x00000000d5580000, 0x00000000d5980000, 0x0000000100000000)
  eden space 2560K, 0% used [0x00000000d5580000,0x00000000d5580000,0x00000000d5800000)
  from space 512K, 93% used [0x00000000d5900000,0x00000000d5978020,0x00000000d5980000)
  to   space 512K, 0% used [0x00000000d5880000,0x00000000d5880000,0x00000000d5900000)
 ParOldGen       total 819712K, used 819569K [0x0000000080000000, 0x00000000b2080000, 0x00000000d5580000)
  object space 819712K, 99% used [0x0000000080000000,0x00000000b205c680,0x00000000b2080000)
 Metaspace       used 87614K, committed 89408K, reserved 1179648K
  class space    used 8919K, committed 9728K, reserved 1048576K
}
Event: 2530.411 GC heap before
{Heap before GC invocations=1067 (full 4):
 PSYoungGen      total 3072K, used 3040K [0x00000000d5580000, 0x00000000d5980000, 0x0000000100000000)
  eden space 2560K, 100% used [0x00000000d5580000,0x00000000d5800000,0x00000000d5800000)
  from space 512K, 93% used [0x00000000d5900000,0x00000000d5978020,0x00000000d5980000)
  to   space 512K, 0% used [0x00000000d5880000,0x00000000d5880000,0x00000000d5900000)
 ParOldGen       total 819712K, used 819569K [0x0000000080000000, 0x00000000b2080000, 0x00000000d5580000)
  object space 819712K, 99% used [0x0000000080000000,0x00000000b205c680,0x00000000b2080000)
 Metaspace       used 87614K, committed 89408K, reserved 1179648K
  class space    used 8919K, committed 9728K, reserved 1048576K
}
Event: 2530.414 GC heap after
{Heap after GC invocations=1067 (full 4):
 PSYoungGen      total 3072K, used 384K [0x00000000d5580000, 0x00000000d5980000, 0x0000000100000000)
  eden space 2560K, 0% used [0x00000000d5580000,0x00000000d5580000,0x00000000d5800000)
  from space 512K, 75% used [0x00000000d5880000,0x00000000d58e0000,0x00000000d5900000)
  to   space 512K, 0% used [0x00000000d5900000,0x00000000d5900000,0x00000000d5980000)
 ParOldGen       total 820224K, used 820011K [0x0000000080000000, 0x00000000b2100000, 0x00000000d5580000)
  object space 820224K, 99% used [0x0000000080000000,0x00000000b20cafd0,0x00000000b2100000)
 Metaspace       used 87614K, committed 89408K, reserved 1179648K
  class space    used 8919K, committed 9728K, reserved 1048576K
}
Event: 2530.425 GC heap before
{Heap before GC invocations=1068 (full 4):
 PSYoungGen      total 3072K, used 2944K [0x00000000d5580000, 0x00000000d5980000, 0x0000000100000000)
  eden space 2560K, 100% used [0x00000000d5580000,0x00000000d5800000,0x00000000d5800000)
  from space 512K, 75% used [0x00000000d5880000,0x00000000d58e0000,0x00000000d5900000)
  to   space 512K, 0% used [0x00000000d5900000,0x00000000d5900000,0x00000000d5980000)
 ParOldGen       total 820224K, used 820011K [0x0000000080000000, 0x00000000b2100000, 0x00000000d5580000)
  object space 820224K, 99% used [0x0000000080000000,0x00000000b20cafd0,0x00000000b2100000)
 Metaspace       used 87614K, committed 89408K, reserved 1179648K
  class space    used 8919K, committed 9728K, reserved 1048576K
}
Event: 2530.428 GC heap after
{Heap after GC invocations=1068 (full 4):
 PSYoungGen      total 3072K, used 500K [0x00000000d5580000, 0x00000000d5a00000, 0x0000000100000000)
  eden space 2560K, 0% used [0x00000000d5580000,0x00000000d5580000,0x00000000d5800000)
  from space 512K, 97% used [0x00000000d5900000,0x00000000d597d200,0x00000000d5980000)
  to   space 1024K, 0% used [0x00000000d5800000,0x00000000d5800000,0x00000000d5900000)
 ParOldGen       total 820736K, used 820356K [0x0000000080000000, 0x00000000b2180000, 0x00000000d5580000)
  object space 820736K, 99% used [0x0000000080000000,0x00000000b2121000,0x00000000b2180000)
 Metaspace       used 87614K, committed 89408K, reserved 1179648K
  class space    used 8919K, committed 9728K, reserved 1048576K
}
Event: 2530.449 GC heap before
{Heap before GC invocations=1069 (full 4):
 PSYoungGen      total 3072K, used 3060K [0x00000000d5580000, 0x00000000d5a00000, 0x0000000100000000)
  eden space 2560K, 100% used [0x00000000d5580000,0x00000000d5800000,0x00000000d5800000)
  from space 512K, 97% used [0x00000000d5900000,0x00000000d597d200,0x00000000d5980000)
  to   space 1024K, 0% used [0x00000000d5800000,0x00000000d5800000,0x00000000d5900000)
 ParOldGen       total 820736K, used 820356K [0x0000000080000000, 0x00000000b2180000, 0x00000000d5580000)
  object space 820736K, 99% used [0x0000000080000000,0x00000000b2121000,0x00000000b2180000)
 Metaspace       used 87617K, committed 89408K, reserved 1179648K
  class space    used 8919K, committed 9728K, reserved 1048576K
}
Event: 2530.454 GC heap after
{Heap after GC invocations=1069 (full 4):
 PSYoungGen      total 3584K, used 384K [0x00000000d5580000, 0x00000000d5a00000, 0x0000000100000000)
  eden space 2560K, 0% used [0x00000000d5580000,0x00000000d5580000,0x00000000d5800000)
  from space 1024K, 37% used [0x00000000d5800000,0x00000000d5860000,0x00000000d5900000)
  to   space 1024K, 0% used [0x00000000d5900000,0x00000000d5900000,0x00000000d5a00000)
 ParOldGen       total 821248K, used 820776K [0x0000000080000000, 0x00000000b2200000, 0x00000000d5580000)
  object space 821248K, 99% used [0x0000000080000000,0x00000000b218a220,0x00000000b2200000)
 Metaspace       used 87617K, committed 89408K, reserved 1179648K
  class space    used 8919K, committed 9728K, reserved 1048576K
}

